Array
(
    [error] => Нет переходов в нужные статусы для заказа 36288
)
Array
(
    [error] => Нет переходов в нужные статусы для заказа 36288
)
Array
(
    [error] => Нет звонков для заказа R7169
)
Array
(
    [error] => Нет звонков для заказа 36341
)
Array
(
    [error] => Нет переходов в нужные статусы для заказа 36341
)
Array
(
    [error] => Нет звонков для заказа 36341
)
Array
(
    [error] => Нет переходов в нужные статусы для заказа 36341
)
Array
(
    [error] => Нет звонков для заказа R7169
)
Array
(
    [error] => Нет переходов в нужные статусы для заказа 36341
)
Array
(
    [error] => Нет звонков для заказа R7169
)
Array
(
    [error] => Нет переходов в нужные статусы для заказа 36342
)
Array
(
    [error] => Нет звонков для заказа R7169
)
Array
(
    [error] => Нет переходов в нужные статусы для заказа 36342
)
Array
(
    [error] => Нет звонков для заказа R7169
)
Array
(
    [error] => Нет переходов в нужные статусы для заказа 36342
)
Array
(
    [error] => Нет звонков для заказа R7169
)
Array
(
    [error] => Нет переходов в нужные статусы для заказа R7172
)
Array
(
    [error] => Нет переходов в нужные статусы для заказа 36342
)
Array
(
    [error] => Нет переходов в нужные статусы для заказа R7179
)
Array
(
    [error] => Нет переходов в нужные статусы для заказа R7178
)
Array
(
    [error] => Нет переходов в нужные статусы для заказа R7178
)
Array
(
    [error] => Нет переходов в нужные статусы для заказа R7178
)
Array
(
    [error] => Нет переходов в нужные статусы для заказа R7178
)
Array
(
    [error] => Нет переходов в нужные статусы для заказа R7178
)
Array
(
    [error] => Нет переходов в нужные статусы для заказа R7193
)
Array
(
    [error] => Нет переходов в нужные статусы для заказа 36352
)
Array
(
    [error] => Нет переходов в нужные статусы для заказа R7187
)
Array
(
    [error] => Нет переходов в нужные статусы для заказа R7184
)
Array
(
    [error] => Нет переходов в нужные статусы для заказа R7181
)
Array
(
    [error] => Нет переходов в нужные статусы для заказа R7179
)
Array
(
    [error] => Нет переходов в нужные статусы для заказа R7193
)
Array
(
    [error] => Нет переходов в нужные статусы для заказа 36352
)
Array
(
    [error] => Нет переходов в нужные статусы для заказа 36353
)
Array
(
    [error] => Нет переходов в нужные статусы для заказа R7193
)
Array
(
    [error] => Нет переходов в нужные статусы для заказа 36354
)
Array
(
    [error] => Нет переходов в нужные статусы для заказа 36353
)
Array
(
    [error] => Нет переходов в нужные статусы для заказа R7193
)
Array
(
    [error] => Нет переходов в нужные статусы для заказа 36352
)
Array
(
    [error] => Нет переходов в нужные статусы для заказа R7187
)
Array
(
    [error] => Нет переходов в нужные статусы для заказа R7184
)
Array
(
    [error] => Нет переходов в нужные статусы для заказа R7181
)
Array
(
    [error] => Нет переходов в нужные статусы для заказа R7179
)
Array
(
    [error] => Нет переходов в нужные статусы для заказа R7178
)
Array
(
    [error] => Нет переходов в нужные статусы для заказа 36354
)
Array
(
    [error] => Нет переходов в нужные статусы для заказа R7193
)
Array
(
    [error] => Нет переходов в нужные статусы для заказа 36352
)
Array
(
    [error] => Нет переходов в нужные статусы для заказа R7187
)
Array
(
    [error] => Нет переходов в нужные статусы для заказа R7184
)
Array
(
    [error] => Нет переходов в нужные статусы для заказа 36355
)
Array
(
    [error] => Нет переходов в нужные статусы для заказа 36354
)
Array
(
    [error] => Нет переходов в нужные статусы для заказа R7193
)
Array
(
    [error] => Нет переходов в нужные статусы для заказа 36352
)
Array
(
    [error] => Нет переходов в нужные статусы для заказа R7187
)
Array
(
    [error] => Нет переходов в нужные статусы для заказа R7184
)
Array
(
    [error] => Нет переходов в нужные статусы для заказа R7181
)
Array
(
    [error] => Нет переходов в нужные статусы для заказа R7179
)
Array
(
    [error] => Нет переходов в нужные статусы для заказа R7178
)
Array
(
    [error] => Нет переходов в нужные статусы для заказа R7177
)
Array
(
    [error] => Нет переходов в нужные статусы для заказа 36344
)
Array
(
    [error] => Нет переходов в нужные статусы для заказа R7174
)
Array
(
    [error] => Нет переходов в нужные статусы для заказа R7172
)
Array
(
    [error] => Нет переходов в нужные статусы для заказа 36342
)
Array
(
    [error] => Нет переходов в нужные статусы для заказа R7166
)
Array
(
    [error] => Нет переходов в нужные статусы для заказа 36338
)
Array
(
    [error] => Нет переходов в нужные статусы для заказа R7163
)
Array
(
    [error] => Нет переходов в нужные статусы для заказа R7162
)
Array
(
    [error] => Нет переходов в нужные статусы для заказа R7160
)
Array
(
    [error] => Нет переходов в нужные статусы для заказа R7159
)
Array
(
    [error] => Нет переходов в нужные статусы для заказа 36335
)
Array
(
    [error] => Нет переходов в нужные статусы для заказа P5932
)
Array
(
    [error] => Нет переходов в нужные статусы для заказа R7156
)
Array
(
    [error] => Нет переходов в нужные статусы для заказа 36334
)
Array
(
    [error] => Нет переходов в нужные статусы для заказа R7153
)
Array
(
    [error] => Нет переходов в нужные статусы для заказа R7148
)
Array
(
    [error] => Нет переходов в нужные статусы для заказа 36330
)
Array
(
    [error] => Нет переходов в нужные статусы для заказа R7145
)
Array
(
    [error] => Нет переходов в нужные статусы для заказа 36328
)
Array
(
    [error] => Нет переходов в нужные статусы для заказа 36325
)
Array
(
    [error] => Нет переходов в нужные статусы для заказа 36323
)
Array
(
    [error] => Нет переходов в нужные статусы для заказа 36320
)
Array
(
    [error] => Нет переходов в нужные статусы для заказа R7199
)
Array
(
    [error] => Нет переходов в нужные статусы для заказа 36357
)
Array
(
    [error] => Нет переходов в нужные статусы для заказа 36356
)
Array
(
    [error] => Не хватает звонков 36355
)
Array
(
    [error] => Нет переходов в нужные статусы для заказа R7199
)
Array
(
    [error] => Нет переходов в нужные статусы для заказа 36357
)
Array
(
    [error] => Нет переходов в нужные статусы для заказа 36356
)
Array
(
    [error] => Не хватает звонков 36355
)
Array
(
    [error] => Нет переходов в нужные статусы для заказа R7199
)
Array
(
    [error] => Нет переходов в нужные статусы для заказа 36357
)
Array
(
    [error] => Нет переходов в нужные статусы для заказа 36356
)
Array
(
    [error] => Не хватает звонков 36355
)
Array
(
    [error] => Нет переходов в нужные статусы для заказа R7193
)
Array
(
    [error] => Нет переходов в нужные статусы для заказа 36352
)
Array
(
    [error] => Нет переходов в нужные статусы для заказа R7187
)
Array
(
    [error] => Нет переходов в нужные статусы для заказа R7184
)
Array
(
    [error] => Нет переходов в нужные статусы для заказа R7181
)
Array
(
    [error] => Нет переходов в нужные статусы для заказа R7179
)
Array
(
    [error] => Нет переходов в нужные статусы для заказа R7178
)
Array
(
    [error] => Нет переходов в нужные статусы для заказа R7177
)
Array
(
    [error] => Нет переходов в нужные статусы для заказа 36344
)
Array
(
    [error] => Нет переходов в нужные статусы для заказа R7174
)
Array
(
    [error] => Нет переходов в нужные статусы для заказа R7172
)
Array
(
    [error] => Нет переходов в нужные статусы для заказа 36342
)
Array
(
    [error] => Нет переходов в нужные статусы для заказа R7166
)
Array
(
    [error] => Нет переходов в нужные статусы для заказа 36338
)
Array
(
    [error] => Нет переходов в нужные статусы для заказа R7163
)
Array
(
    [error] => Нет переходов в нужные статусы для заказа R7162
)
Array
(
    [error] => Нет переходов в нужные статусы для заказа R7160
)
Array
(
    [error] => Нет переходов в нужные статусы для заказа R7159
)
Array
(
    [error] => Нет переходов в нужные статусы для заказа 36335
)
Array
(
    [error] => Нет переходов в нужные статусы для заказа P5932
)
Array
(
    [error] => Нет переходов в нужные статусы для заказа R7156
)
Array
(
    [error] => Нет переходов в нужные статусы для заказа 36334
)
Array
(
    [error] => Нет переходов в нужные статусы для заказа R7153
)
Array
(
    [error] => Нет переходов в нужные статусы для заказа R7148
)
Array
(
    [error] => Нет переходов в нужные статусы для заказа 36330
)
Array
(
    [error] => Нет переходов в нужные статусы для заказа R7145
)
Array
(
    [error] => Нет переходов в нужные статусы для заказа 36328
)
Array
(
    [error] => Нет переходов в нужные статусы для заказа 36325
)
Array
(
    [error] => Нет переходов в нужные статусы для заказа 36323
)
