Array
(
    [date] => 2020-12-10 16:08:54
    [data] => Array
        (
        )

)
Array
(
    [date] => 2020-12-10 16:10:56
    [data] => Array
        (
        )

)
Array
(
    [date] => 2020-12-10 16:11:16
    [data] => Array
        (
        )

)
Array
(
    [date] => 2020-12-10 16:39:13
    [data] => Array
        (
        )

)
Array
(
    [date] => 2020-12-10 16:40:26
    [data] => Array
        (
        )

)
Array
(
    [date] => 2020-12-10 16:41:21
    [data] => Array
        (
        )

)
Array
(
    [date] => 2020-12-10 16:43:06
    [data] => Array
        (
        )

)
Array
(
    [date] => 2020-12-10 16:43:20
    [data] => Array
        (
        )

)
Array
(
    [date] => 2020-12-10 16:43:57
    [data] => Array
        (
        )

)
Array
(
    [date] => 2020-12-10 16:45:55
    [data] => Array
        (
        )

)
Array
(
    [date] => 2020-12-10 16:46:20
    [data] => Array
        (
        )

)
Array
(
    [date] => 2020-12-10 16:46:44
    [data] => Array
        (
        )

)
Array
(
    [date] => 2020-12-10 16:46:51
    [data] => Array
        (
        )

)
Array
(
    [date] => 2020-12-10 16:47:18
    [data] => Array
        (
        )

)
Array
(
    [date] => 2020-12-10 16:47:24
    [data] => Array
        (
        )

)
Array
(
    [date] => 2020-12-10 16:49:08
    [data] => Array
        (
        )

)
Array
(
    [date] => 2020-12-10 16:49:17
    [data] => Array
        (
        )

)
Array
(
    [date] => 2020-12-10 16:50:37
    [data] => Array
        (
        )

)
Array
(
    [date] => 2020-12-10 16:50:49
    [data] => Array
        (
        )

)
Array
(
    [date] => 2020-12-10 16:52:07
    [data] => Array
        (
        )

)
Array
(
    [date] => 2020-12-10 16:54:02
    [data] => Array
        (
        )

)
Array
(
    [date] => 2020-12-10 16:56:21
    [data] => Array
        (
        )

)
Array
(
    [date] => 2020-12-11 11:24:19
    [data] => Array
        (
        )

)
